<?xml version="1.0" encoding="UTF-8"?>
<Site BuildName="Win32-MSBuild"
	BuildStamp="20230819-0734-Experimental"
	Name="Jackson-PC"
	Generator="ctest-3.26.3"
	CompilerName="D:/Visual Studios/VC/Tools/MSVC/14.31.31103/bin/Hostx64/x64/cl.exe"
	CompilerVersion="19.31.31104.0"
	OSName="Windows"
	Hostname="Jackson-PC"
	OSRelease=" Professional"
	OSVersion=" (Build 19045)"
	OSPlatform="AMD64"
	Is64Bits="1"
	VendorString="AuthenticAMD"
	VendorID="Advanced Micro Devices"
	FamilyID="15"
	ModelID="1"
	ProcessorCacheSize="64"
	NumberOfLogicalCPU="16"
	NumberOfPhysicalCPU="8"
	TotalVirtualMemory="37543"
	TotalPhysicalMemory="32679"
	LogicalProcessorsPerPhysical="2"
	ProcessorClockFrequency="3800"
	>
	<Testing>
		<StartDateTime>Aug 19 17:34 AUS Eastern Standard Time</StartDateTime>
		<StartTestTime>1692430483</StartTestTime>
		<TestList/>
		<EndDateTime>Aug 19 17:34 AUS Eastern Standard Time</EndDateTime>
		<EndTestTime>1692430483</EndTestTime>
		<ElapsedMinutes>0</ElapsedMinutes>
	</Testing>
</Site>
