<?xml version="1.0" encoding="UTF-8"?>
<Site BuildName="Win32-MSBuild"
	BuildStamp="20231009-0000-Experimental"
	Name="DESKTOP-F9UG9N2"
	Generator="ctest-3.26.3"
	CompilerName="C:/Program Files/Microsoft Visual Studio/2022/Community/VC/Tools/MSVC/14.35.32215/bin/Hostx64/x64/cl.exe"
	CompilerVersion="19.35.32217.1"
	OSName="Windows"
	Hostname="DESKTOP-F9UG9N2"
	OSRelease=" Personal"
	OSVersion=" (Build 22621)"
	OSPlatform="AMD64"
	Is64Bits="1"
	VendorString="GenuineIntel"
	VendorID="Intel Corporation"
	FamilyID="6"
	ModelID="14"
	ProcessorCacheSize="-1"
	NumberOfLogicalCPU="8"
	NumberOfPhysicalCPU="4"
	TotalVirtualMemory="12350"
	TotalPhysicalMemory="7915"
	LogicalProcessorsPerPhysical="2"
	ProcessorClockFrequency="1800"
	>
	<Testing>
		<StartDateTime>Oct 09 11:00 AUS Eastern Daylight Time</StartDateTime>
		<StartTestTime>1696809609</StartTestTime>
		<TestList/>
		<EndDateTime>Oct 09 11:00 AUS Eastern Daylight Time</EndDateTime>
		<EndTestTime>1696809609</EndTestTime>
		<ElapsedMinutes>0</ElapsedMinutes>
	</Testing>
</Site>
